<?xml version="1.0" encoding="UTF-8"?>
<!-- Generated by org.testng.reporters.JUnitXMLReporter -->
<testsuite ignored="0" hostname="Darshan" failures="0" tests="4" name="Test-method test" time="2.074" errors="0" timestamp="2021-10-06T11:12:44 IST">
  <testcase classname="testng.ParallelTest" name="A_TestMethod" time="1.016"/>
  <testcase classname="testng.ParallelTest" name="B_TestMethod" time="1.018"/>
  <testcase classname="testng.ParallelTest" name="D_TestMethod" time="1.003"/>
  <testcase classname="testng.ParallelTest" name="C_TestMethod" time="1.003"/>
</testsuite> <!-- Test-method test -->
