<?xml version="1.0" encoding="UTF-8"?>
<!-- Generated by org.testng.reporters.JUnitReportReporter -->
<testsuite hostname="Darshan" failures="0" tests="3" name="testng.PriorityDemo" time="0.021" errors="0" timestamp="2021-10-05T16:48:18 IST" skipped="0">
  <testcase classname="testng.PriorityDemo" name="Addcust" time="0.017"/>
  <system-out/>
  <testcase classname="testng.PriorityDemo" name="Deletecust" time="0.002"/>
  <system-out/>
  <testcase classname="testng.PriorityDemo" name="Editcust" time="0.002"/>
  <system-out/>
</testsuite> <!-- testng.PriorityDemo -->
