<?xml version="1.0" encoding="UTF-8"?>
<!-- Generated by org.testng.reporters.JUnitReportReporter -->
<testsuite hostname="Darshan" failures="0" tests="2" name="testng.Parameter" time="0.017" errors="0" timestamp="2021-10-05T17:36:10 IST" skipped="0">
  <testcase classname="testng.Parameter" name="add" time="0.015"/>
  <system-out/>
  <testcase classname="testng.Parameter" name="show" time="0.002"/>
  <system-out/>
</testsuite> <!-- testng.Parameter -->
