<?xml version="1.0" encoding="UTF-8"?>
<!-- Generated by org.testng.reporters.JUnitReportReporter -->
<testsuite hostname="Darshan" failures="0" tests="4" name="testng.ParallelTest" time="4.053" errors="0" timestamp="2021-10-06T11:13:18 IST" skipped="0">
  <testcase classname="testng.ParallelTest" name="D_TestMethod" time="1.003"/>
  <system-out/>
  <testcase classname="testng.ParallelTest" name="A_TestMethod" time="1.024"/>
  <system-out/>
  <testcase classname="testng.ParallelTest" name="C_TestMethod" time="1.011"/>
  <system-out/>
  <testcase classname="testng.ParallelTest" name="B_TestMethod" time="1.015"/>
  <system-out/>
</testsuite> <!-- testng.ParallelTest -->
