<?xml version="1.0" encoding="UTF-8"?>
<!-- Generated by org.testng.reporters.JUnitReportReporter -->
<testsuite hostname="Darshan" failures="0" tests="3" name="testng.ParameterDP" time="3.039" errors="0" timestamp="2021-10-06T10:37:40 IST" skipped="0">
  <testcase classname="testng.ParameterDP" name="testMethod" time="1.018"/>
  <system-out/>
  <testcase classname="testng.ParameterDP" name="testMethod" time="1.015"/>
  <system-out/>
  <testcase classname="testng.ParameterDP" name="testMethod" time="1.006"/>
  <system-out/>
</testsuite> <!-- testng.ParameterDP -->
