<?xml version="1.0" encoding="UTF-8"?>
<!-- Generated by org.testng.reporters.JUnitReportReporter -->
<testsuite hostname="Darshan" failures="0" tests="2" name="testng.SeleniumMultiBrowserProgram" time="20.611" errors="0" timestamp="2021-10-06T14:39:30 IST" skipped="0">
  <testcase classname="testng.SeleniumMultiBrowserProgram" name="test" time="7.699"/>
  <system-out/>
  <testcase classname="testng.SeleniumMultiBrowserProgram" name="test" time="12.912"/>
  <system-out/>
</testsuite> <!-- testng.SeleniumMultiBrowserProgram -->
