<?xml version="1.0" encoding="UTF-8"?>
<!-- Generated by org.testng.reporters.JUnitReportReporter -->
<testsuite hostname="Darshan" failures="0" tests="4" name="testng.Testngdemo" time="0.015" errors="0" timestamp="2021-10-05T16:37:26 IST" skipped="0">
  <testcase classname="testng.Testngdemo" name="Editcust" time="0.002"/>
  <system-out/>
  <testcase classname="testng.Testngdemo" name="Addcust" time="0.008"/>
  <system-out/>
  <testcase classname="testng.Testngdemo" name="demo" time="0.002"/>
  <system-out/>
  <testcase classname="testng.Testngdemo" name="Deletecust" time="0.003"/>
  <system-out/>
</testsuite> <!-- testng.Testngdemo -->
