<?xml version="1.0" encoding="UTF-8"?>
<!-- Generated by org.testng.reporters.JUnitReportReporter -->
<testsuite hostname="Darshan" failures="0" tests="3" name="testng.Test1" time="0.013" errors="0" timestamp="2021-10-06T09:44:10 IST" skipped="0">
  <testcase classname="testng.Test1" name="demo" time="0.010"/>
  <system-out/>
  <testcase classname="testng.Test1" name="logout" time="0.001"/>
  <system-out/>
  <testcase classname="testng.Test1" name="login" time="0.002"/>
  <system-out/>
</testsuite> <!-- testng.Test1 -->
