<?xml version="1.0" encoding="UTF-8"?>
<!-- Generated by org.testng.reporters.JUnitReportReporter -->
<testsuite hostname="Darshan" failures="0" tests="4" name="testng.test2" time="0.018" errors="0" timestamp="2021-10-06T09:42:34 IST" skipped="0">
  <testcase classname="testng.test2" name="bmethod" time="0.014"/>
  <system-out/>
  <testcase classname="testng.test2" name="amethod" time="0.001"/>
  <system-out/>
  <testcase classname="testng.test2" name="demo" time="0.001"/>
  <system-out/>
  <testcase classname="testng.test2" name="cmethod" time="0.002"/>
  <system-out/>
</testsuite> <!-- testng.test2 -->
