<?xml version="1.0" encoding="UTF-8"?>
<!-- Generated by org.testng.reporters.JUnitReportReporter -->
<testsuite hostname="Darshan" failures="0" tests="1" name="pageobjectmodel.loginmoneyrediff" time="37.446" errors="0" timestamp="2021-10-13T11:39:34 IST" skipped="0">
  <testcase classname="pageobjectmodel.loginmoneyrediff" name="Login" time="37.446"/>
  <system-out/>
</testsuite> <!-- pageobjectmodel.loginmoneyrediff -->
