<?xml version="1.0" encoding="UTF-8"?>
<!-- Generated by org.testng.reporters.JUnitReportReporter -->
<testsuite hostname="Darshan" failures="0" tests="1" name="com.ddf.test.LoginTest.loginTest_v4" time="13.855" errors="0" timestamp="2021-10-09T16:58:29 IST" skipped="0">
  <testcase classname="com.ddf.test.LoginTest.loginTest_v4" name="testOne" time="13.855"/>
  <system-out/>
</testsuite> <!-- com.ddf.test.LoginTest.loginTest_v4 -->
