<?xml version="1.0" encoding="UTF-8"?>
<!-- Generated by org.testng.reporters.JUnitReportReporter -->
<testsuite hostname="Darshan" failures="0" tests="1" name="com.ddf.test.LoginTest.loginTest_v3" time="17.789" errors="0" timestamp="2021-10-09T16:03:47 IST" skipped="0">
  <testcase classname="com.ddf.test.LoginTest.loginTest_v3" name="testOne" time="17.789"/>
  <system-out/>
</testsuite> <!-- com.ddf.test.LoginTest.loginTest_v3 -->
