<?xml version="1.0" encoding="UTF-8"?>
<!-- Generated by org.testng.reporters.JUnitReportReporter -->
<testsuite hostname="Darshan" failures="0" tests="1" name="com.ddf.test.LoginTest.loginTest_v2" time="19.935" errors="0" timestamp="2021-10-09T14:32:22 IST" skipped="0">
  <testcase classname="com.ddf.test.LoginTest.loginTest_v2" name="testOne" time="19.935"/>
  <system-out/>
</testsuite> <!-- com.ddf.test.LoginTest.loginTest_v2 -->
