<?xml version="1.0" encoding="UTF-8"?>
<!-- Generated by org.testng.reporters.JUnitReportReporter -->
<testsuite hostname="Darshan" failures="0" tests="1" name="pageobjectmodel.LoginTestcase2" time="11.710" errors="0" timestamp="2021-10-12T17:29:19 IST" skipped="0">
  <testcase classname="pageobjectmodel.LoginTestcase2" name="Login" time="11.710"/>
  <system-out/>
</testsuite> <!-- pageobjectmodel.LoginTestcase2 -->
