<?xml version="1.0" encoding="UTF-8"?>
<!-- Generated by org.testng.reporters.JUnitReportReporter -->
<testsuite hostname="Darshan" failures="0" tests="3" name="com.ddf.test.LoginTest.loginTest_v5" time="34.554" errors="0" timestamp="2021-10-11T12:22:28 IST" skipped="0">
  <testcase classname="com.ddf.test.LoginTest.loginTest_v5" name="testOne" time="7.626"/>
  <system-out/>
  <testcase classname="com.ddf.test.LoginTest.loginTest_v5" name="testOne" time="13.198"/>
  <system-out/>
  <testcase classname="com.ddf.test.LoginTest.loginTest_v5" name="testOne" time="13.730"/>
  <system-out/>
</testsuite> <!-- com.ddf.test.LoginTest.loginTest_v5 -->
