<?xml version="1.0" encoding="UTF-8"?>
<!-- Generated by org.testng.reporters.JUnitReportReporter -->
<testsuite hostname="Darshan" failures="0" tests="3" name="com.ddf.test.LoginTest.loginTest_v1" time="62.692" errors="0" timestamp="2021-10-09T11:59:09 IST" skipped="0">
  <testcase classname="com.ddf.test.LoginTest.loginTest_v1" name="testOne" time="35.883"/>
  <system-out/>
  <testcase classname="com.ddf.test.LoginTest.loginTest_v1" name="testTwo" time="13.316"/>
  <system-out/>
  <testcase classname="com.ddf.test.LoginTest.loginTest_v1" name="testThree" time="13.493"/>
  <system-out/>
</testsuite> <!-- com.ddf.test.LoginTest.loginTest_v1 -->
